<?xml version="1.0" encoding="UTF-8"?>
<!-- Generated by org.testng.reporters.JUnitXMLReporter -->
<testsuite hostname="John-PC" name="Command line test" tests="2" failures="2" timestamp="12 Aug 2018 07:02:35 GMT" time="3.695" errors="0">
  <testcase name="test" time="2.649" classname="com.qinjun.autotest.tstest.cases.DemoCase">
    <failure type="java.lang.NullPointerException">
      <![CDATA[java.lang.NullPointerException
	at com.qinjun.autotest.tstest.so.DemoSO.sendRequest(DemoSO.java:38)
	at com.qinjun.autotest.tstest.cases.DemoCase.test(DemoCase.java:25)
... Removed 33 stack frames]]>
    </failure>
  </testcase> <!-- test -->
  <testcase name="test" time="1.014" classname="com.qinjun.autotest.tstest.cases.DemoCase">
    <failure type="java.lang.NullPointerException">
      <![CDATA[java.lang.NullPointerException
	at com.qinjun.autotest.tstest.so.DemoSO.sendRequest(DemoSO.java:38)
	at com.qinjun.autotest.tstest.cases.DemoCase.test(DemoCase.java:25)
... Removed 33 stack frames]]>
    </failure>
  </testcase> <!-- test -->
</testsuite> <!-- Command line test -->
